<?xml version="1.0" encoding="UTF-8"?>
<!-- Generated by org.testng.reporters.JUnitReportReporter -->
<testsuite hostname="DESKTOP-I4F49SF" failures="0" tests="1" name="base.BaseTest" time="0.028" errors="0" timestamp="2025-02-28T17:21:53 IST" skipped="0">
  <testcase classname="base.BaseTest" name="test" time="0.028"/>
</testsuite> <!-- base.BaseTest -->
