<?xml version="1.0" encoding="UTF-8"?>
<!-- Generated by org.testng.reporters.JUnitReportReporter -->
<testsuite hostname="DESKTOP-I4F49SF" failures="0" tests="1" name="tests.ui.CartFlow" time="18.602" errors="0" timestamp="2025-03-03T14:04:43 IST" skipped="0">
  <testcase classname="tests.ui.CartFlow" name="testCartFlow" time="18.602"/>
</testsuite> <!-- tests.ui.CartFlow -->
