<?xml version="1.0" encoding="UTF-8"?>
<!-- Generated by org.testng.reporters.JUnitReportReporter -->
<testsuite hostname="DESKTOP-I4F49SF" failures="0" tests="2" name="tests.ui.ItemOperations" time="10.865" errors="0" timestamp="2025-03-03T14:04:43 IST" skipped="0">
  <testcase classname="tests.ui.ItemOperations" name="testAddItemToCart" time="4.877"/>
  <testcase classname="tests.ui.ItemOperations" name="testRemoveItemFromCart" time="5.988"/>
</testsuite> <!-- tests.ui.ItemOperations -->
