<?xml version="1.0" encoding="UTF-8"?>
<!-- Generated by org.testng.reporters.JUnitReportReporter -->
<testsuite hostname="DESKTOP-I4F49SF" failures="0" tests="3" name="tests.ui.CartCheckoutTest" time="11.210" errors="0" timestamp="2025-03-03T13:57:59 IST" skipped="0">
  <testcase classname="tests.ui.CartCheckoutTest" name="testAddItemToCart" time="5.047"/>
  <testcase classname="tests.ui.CartCheckoutTest" name="testRemoveItemFromCart" time="6.154"/>
  <testcase classname="tests.ui.CartCheckoutTest" name="test" time="0.009"/>
</testsuite> <!-- tests.ui.CartCheckoutTest -->
